app/build/intermediates/manifest_merge_blame_file/debug/manifest-merger-blame-debug-report.txt
1<?xml version="1.0" encoding="utf-8"?>
2<manifest xmlns:android="http://schemas.android.com/apk/res/android"
3    package="com.google.android.gms.samples.vision.barcodereader"
4    android:installLocation="auto"
5    android:versionCode="1"
6    android:versionName="1.0" >
7
8    <uses-sdk
9        android:minSdkVersion="9"
9-->src\main\AndroidManifest.xml
10        android:targetSdkVersion="24" />
10-->src\main\AndroidManifest.xml
11
12    <uses-feature android:name="android.hardware.camera" />
12-->src\main\AndroidManifest.xml:6:5-60
12-->src\main\AndroidManifest.xml:6:19-57
13    <uses-feature android:name="android.permission.INTERNET" />
13-->src\main\AndroidManifest.xml:7:5-63
13-->src\main\AndroidManifest.xml:7:19-61
14
15    <uses-permission android:name="android.permission.CAMERA" />
15-->src\main\AndroidManifest.xml:8:5-65
15-->src\main\AndroidManifest.xml:8:22-62
16
17    <application
17-->src\main\AndroidManifest.xml:10:5-45:19
18        android:allowBackup="true"
18-->src\main\AndroidManifest.xml:11:9-35
19        android:debuggable="true"
20        android:fullBackupContent="false"
20-->src\main\AndroidManifest.xml:12:9-42
21        android:hardwareAccelerated="true"
21-->src\main\AndroidManifest.xml:13:9-43
22        android:icon="@drawable/icon"
22-->src\main\AndroidManifest.xml:14:9-38
23        android:label="Animka IF Tickets"
23-->src\main\AndroidManifest.xml:15:9-42
24        android:supportsRtl="true"
24-->src\main\AndroidManifest.xml:16:9-35
25        android:theme="@style/AppTheme" >
25-->src\main\AndroidManifest.xml:17:9-40
26        <activity
26-->src\main\AndroidManifest.xml:18:9-27:20
27            android:name="com.google.android.gms.samples.vision.barcodereader.LoginActivity"
27-->src\main\AndroidManifest.xml:19:13-42
28            android:configChanges="orientation|screenSize"
28-->src\main\AndroidManifest.xml:20:13-59
29            android:screenOrientation="portrait" >
29-->src\main\AndroidManifest.xml:21:13-49
30            <intent-filter>
30-->src\main\AndroidManifest.xml:22:13-26:29
31                <action android:name="android.intent.action.MAIN" />
31-->src\main\AndroidManifest.xml:23:17-69
31-->src\main\AndroidManifest.xml:23:25-66
32
33                <category android:name="android.intent.category.LAUNCHER" />
33-->src\main\AndroidManifest.xml:25:17-77
33-->src\main\AndroidManifest.xml:25:27-74
34            </intent-filter>
35        </activity>
36
37        <meta-data
37-->src\main\AndroidManifest.xml:29:9-31:69
38            android:name="com.google.android.gms.version"
38-->src\main\AndroidManifest.xml:30:13-58
39            android:value="@integer/google_play_services_version" />
39-->src\main\AndroidManifest.xml:31:13-66
40        <meta-data
40-->src\main\AndroidManifest.xml:32:9-34:39
41            android:name="com.google.android.gms.vision.DEPENDENCIES"
41-->src\main\AndroidManifest.xml:33:13-70
42            android:value="barcode" />
42-->src\main\AndroidManifest.xml:34:13-36
43
44        <activity
44-->src\main\AndroidManifest.xml:36:9-40:20
45            android:name="com.google.android.gms.samples.vision.barcodereader.MainActivity"
45-->src\main\AndroidManifest.xml:37:13-41
46            android:configChanges="orientation|screenSize"
46-->src\main\AndroidManifest.xml:38:13-59
47            android:screenOrientation="portrait" >
47-->src\main\AndroidManifest.xml:39:13-49
48        </activity>
49        <activity
49-->src\main\AndroidManifest.xml:41:9-44:51
50            android:name="com.google.android.gms.samples.vision.barcodereader.BarcodeCaptureActivity"
50-->src\main\AndroidManifest.xml:42:13-51
51            android:configChanges="orientation|screenSize"
51-->src\main\AndroidManifest.xml:43:13-59
52            android:screenOrientation="portrait" />
52-->src\main\AndroidManifest.xml:44:13-49
53        <activity
53-->[com.google.android.gms:play-services-base:9.4.0] AndroidManifest.xml:20:9-22:45
54            android:name="com.google.android.gms.common.api.GoogleApiActivity"
54-->[com.google.android.gms:play-services-base:9.4.0] AndroidManifest.xml:20:19-85
55            android:exported="false"
55-->[com.google.android.gms:play-services-base:9.4.0] AndroidManifest.xml:22:19-43
56            android:theme="@android:style/Theme.Translucent.NoTitleBar" />
56-->[com.google.android.gms:play-services-base:9.4.0] AndroidManifest.xml:21:19-78
57    </application>
58
59</manifest>